<?xml version="1.0" encoding="UTF-8"?>
<!-- Generated by org.testng.reporters.JUnitReportReporter -->
<testsuite hostname="LTIN454439" failures="0" tests="36" name="com.displayBookshelves.testRunner.testNGRunner" time="453.733" errors="0" timestamp="2024-02-25T19:23:27 IST" skipped="0">
  <testcase classname="com.displayBookshelves.testRunner.testNGRunner" name="runScenario" time="11.418"/>
  <testcase classname="com.displayBookshelves.testRunner.testNGRunner" name="runScenario" time="12.029"/>
  <testcase classname="com.displayBookshelves.testRunner.testNGRunner" name="runScenario" time="10.512"/>
  <testcase classname="com.displayBookshelves.testRunner.testNGRunner" name="runScenario" time="9.377"/>
  <testcase classname="com.displayBookshelves.testRunner.testNGRunner" name="runScenario" time="12.352"/>
  <testcase classname="com.displayBookshelves.testRunner.testNGRunner" name="runScenario" time="8.162"/>
  <testcase classname="com.displayBookshelves.testRunner.testNGRunner" name="runScenario" time="12.462"/>
  <testcase classname="com.displayBookshelves.testRunner.testNGRunner" name="runScenario" time="7.221"/>
  <testcase classname="com.displayBookshelves.testRunner.testNGRunner" name="runScenario" time="22.441"/>
  <testcase classname="com.displayBookshelves.testRunner.testNGRunner" name="runScenario" time="6.625"/>
  <testcase classname="com.displayBookshelves.testRunner.testNGRunner" name="runScenario" time="9.896"/>
  <testcase classname="com.displayBookshelves.testRunner.testNGRunner" name="runScenario" time="6.983"/>
  <testcase classname="com.displayBookshelves.testRunner.testNGRunner" name="runScenario" time="12.332"/>
  <testcase classname="com.displayBookshelves.testRunner.testNGRunner" name="runScenario" time="12.202"/>
  <testcase classname="com.displayBookshelves.testRunner.testNGRunner" name="runScenario" time="8.658"/>
  <testcase classname="com.displayBookshelves.testRunner.testNGRunner" name="runScenario" time="16.618"/>
  <testcase classname="com.displayBookshelves.testRunner.testNGRunner" name="runScenario" time="24.589"/>
  <testcase classname="com.displayBookshelves.testRunner.testNGRunner" name="runScenario" time="11.734"/>
  <testcase classname="com.displayBookshelves.testRunner.testNGRunner" name="runScenario" time="13.391"/>
  <testcase classname="com.displayBookshelves.testRunner.testNGRunner" name="runScenario" time="12.182"/>
  <testcase classname="com.displayBookshelves.testRunner.testNGRunner" name="runScenario" time="17.675"/>
  <testcase classname="com.displayBookshelves.testRunner.testNGRunner" name="runScenario" time="10.597"/>
  <testcase classname="com.displayBookshelves.testRunner.testNGRunner" name="runScenario" time="7.147"/>
  <testcase classname="com.displayBookshelves.testRunner.testNGRunner" name="runScenario" time="10.438"/>
  <testcase classname="com.displayBookshelves.testRunner.testNGRunner" name="runScenario" time="7.413"/>
  <testcase classname="com.displayBookshelves.testRunner.testNGRunner" name="runScenario" time="9.602"/>
  <testcase classname="com.displayBookshelves.testRunner.testNGRunner" name="runScenario" time="11.171"/>
  <testcase classname="com.displayBookshelves.testRunner.testNGRunner" name="runScenario" time="29.841"/>
  <testcase classname="com.displayBookshelves.testRunner.testNGRunner" name="runScenario" time="11.603"/>
  <testcase classname="com.displayBookshelves.testRunner.testNGRunner" name="runScenario" time="9.868"/>
  <testcase classname="com.displayBookshelves.testRunner.testNGRunner" name="runScenario" time="7.475"/>
  <testcase classname="com.displayBookshelves.testRunner.testNGRunner" name="runScenario" time="12.301"/>
  <testcase classname="com.displayBookshelves.testRunner.testNGRunner" name="runScenario" time="17.699"/>
  <testcase classname="com.displayBookshelves.testRunner.testNGRunner" name="runScenario" time="30.232"/>
  <testcase classname="com.displayBookshelves.testRunner.testNGRunner" name="runScenario" time="7.607"/>
  <testcase classname="com.displayBookshelves.testRunner.testNGRunner" name="runScenario" time="11.880"/>
</testsuite> <!-- com.displayBookshelves.testRunner.testNGRunner -->
