<?xml version="1.0" encoding="UTF-8"?>
<!-- Generated by org.testng.reporters.JUnitReportReporter -->
<testsuite hostname="LTIN454439" failures="0" tests="1" name="com.displayBookshelves.testRunner.testNGRunner" time="16.163" errors="0" timestamp="2024-02-27T10:57:57 IST" skipped="0">
  <testcase classname="com.displayBookshelves.testRunner.testNGRunner" name="runScenario" time="16.163"/>
</testsuite> <!-- com.displayBookshelves.testRunner.testNGRunner -->
